<?xml version="1.0" encoding="UTF-8"?>
<testsuite xmlns:xsi="http://www.w3.org/2001/XMLSchema-instance" xsi:noNamespaceSchemaLocation="https://maven.apache.org/surefire/maven-surefire-plugin/xsd/surefire-test-report-3.0.xsd" version="3.0" name="io.kaoto.camelcatalog.MainTest" time="3.045" tests="1" errors="0" skipped="0" failures="0">
  <properties>
    <property name="java.specification.version" value="21"/>
    <property name="sun.jnu.encoding" value="UTF-8"/>
    <property name="java.class.path" value="/home/rmartinez/repos/kaoto/packages/catalog-generator/target/test-classes:/home/rmartinez/repos/kaoto/packages/catalog-generator/target/classes:/home/rmartinez/.m2/repository/org/apache/camel/camel-catalog/4.6.0/camel-catalog-4.6.0.jar:/home/rmartinez/.m2/repository/org/apache/camel/camel-core-catalog/4.6.0/camel-core-catalog-4.6.0.jar:/home/rmartinez/.m2/repository/org/apache/camel/camel-api/4.6.0/camel-api-4.6.0.jar:/home/rmartinez/.m2/repository/org/apache/camel/camel-util/4.6.0/camel-util-4.6.0.jar:/home/rmartinez/.m2/repository/jakarta/xml/bind/jakarta.xml.bind-api/4.0.2/jakarta.xml.bind-api-4.0.2.jar:/home/rmartinez/.m2/repository/jakarta/activation/jakarta.activation-api/2.1.3/jakarta.activation-api-2.1.3.jar:/home/rmartinez/.m2/repository/org/apache/camel/camel-util-json/4.6.0/camel-util-json-4.6.0.jar:/home/rmartinez/.m2/repository/org/apache/camel/camel-tooling-model/4.6.0/camel-tooling-model-4.6.0.jar:/home/rmartinez/.m2/repository/org/apache/camel/camel-catalog-maven/4.6.0/camel-catalog-maven-4.6.0.jar:/home/rmartinez/.m2/repository/org/slf4j/slf4j-api/2.0.13/slf4j-api-2.0.13.jar:/home/rmartinez/.m2/repository/commons-codec/commons-codec/1.17.0/commons-codec-1.17.0.jar:/home/rmartinez/.m2/repository/org/apache/camel/camel-tooling-maven/4.6.0/camel-tooling-maven-4.6.0.jar:/home/rmartinez/.m2/repository/org/apache/camel/camel-support/4.6.0/camel-support-4.6.0.jar:/home/rmartinez/.m2/repository/org/apache/camel/camel-management-api/4.6.0/camel-management-api-4.6.0.jar:/home/rmartinez/.m2/repository/org/apache/camel/camel-xml-jaxp-util/4.6.0/camel-xml-jaxp-util-4.6.0.jar:/home/rmartinez/.m2/repository/jakarta/inject/jakarta.inject-api/2.0.1/jakarta.inject-api-2.0.1.jar:/home/rmartinez/.m2/repository/org/apache/maven/maven-resolver-provider/3.9.6/maven-resolver-provider-3.9.6.jar:/home/rmartinez/.m2/repository/org/apache/maven/maven-model/3.9.6/maven-model-3.9.6.jar:/home/rmartinez/.m2/repository/org/apache/maven/maven-model-builder/3.9.6/maven-model-builder-3.9.6.jar:/home/rmartinez/.m2/repository/org/apache/maven/maven-artifact/3.9.6/maven-artifact-3.9.6.jar:/home/rmartinez/.m2/repository/org/apache/commons/commons-lang3/3.12.0/commons-lang3-3.12.0.jar:/home/rmartinez/.m2/repository/org/eclipse/sisu/org.eclipse.sisu.inject/0.9.0.M2/org.eclipse.sisu.inject-0.9.0.M2.jar:/home/rmartinez/.m2/repository/org/apache/maven/maven-repository-metadata/3.9.6/maven-repository-metadata-3.9.6.jar:/home/rmartinez/.m2/repository/org/codehaus/plexus/plexus-utils/3.5.1/plexus-utils-3.5.1.jar:/home/rmartinez/.m2/repository/javax/inject/javax.inject/1/javax.inject-1.jar:/home/rmartinez/.m2/repository/org/apache/maven/maven-settings-builder/3.9.6/maven-settings-builder-3.9.6.jar:/home/rmartinez/.m2/repository/org/apache/maven/maven-builder-support/3.9.6/maven-builder-support-3.9.6.jar:/home/rmartinez/.m2/repository/org/codehaus/plexus/plexus-interpolation/1.26/plexus-interpolation-1.26.jar:/home/rmartinez/.m2/repository/org/apache/maven/maven-settings/3.9.6/maven-settings-3.9.6.jar:/home/rmartinez/.m2/repository/org/codehaus/plexus/plexus-sec-dispatcher/2.0/plexus-sec-dispatcher-2.0.jar:/home/rmartinez/.m2/repository/org/codehaus/plexus/plexus-cipher/2.0/plexus-cipher-2.0.jar:/home/rmartinez/.m2/repository/org/apache/maven/resolver/maven-resolver-api/1.9.20/maven-resolver-api-1.9.20.jar:/home/rmartinez/.m2/repository/org/apache/maven/resolver/maven-resolver-spi/1.9.20/maven-resolver-spi-1.9.20.jar:/home/rmartinez/.m2/repository/org/apache/maven/resolver/maven-resolver-impl/1.9.20/maven-resolver-impl-1.9.20.jar:/home/rmartinez/.m2/repository/org/apache/maven/resolver/maven-resolver-named-locks/1.9.20/maven-resolver-named-locks-1.9.20.jar:/home/rmartinez/.m2/repository/org/apache/maven/resolver/maven-resolver-connector-basic/1.9.20/maven-resolver-connector-basic-1.9.20.jar:/home/rmartinez/.m2/repository/org/apache/maven/resolver/maven-resolver-transport-file/1.9.20/maven-resolver-transport-file-1.9.20.jar:/home/rmartinez/.m2/repository/org/apache/maven/resolver/maven-resolver-transport-http/1.9.20/maven-resolver-transport-http-1.9.20.jar:/home/rmartinez/.m2/repository/org/apache/httpcomponents/httpclient/4.5.14/httpclient-4.5.14.jar:/home/rmartinez/.m2/repository/org/apache/httpcomponents/httpcore/4.4.16/httpcore-4.4.16.jar:/home/rmartinez/.m2/repository/org/slf4j/jcl-over-slf4j/1.7.36/jcl-over-slf4j-1.7.36.jar:/home/rmartinez/.m2/repository/org/apache/maven/resolver/maven-resolver-util/1.9.20/maven-resolver-util-1.9.20.jar:/home/rmartinez/.m2/repository/io/fabric8/kubernetes-model/6.10.0/kubernetes-model-6.10.0.jar:/home/rmartinez/.m2/repository/io/fabric8/kubernetes-model-core/6.10.0/kubernetes-model-core-6.10.0.jar:/home/rmartinez/.m2/repository/io/fabric8/kubernetes-model-common/6.10.0/kubernetes-model-common-6.10.0.jar:/home/rmartinez/.m2/repository/io/fabric8/kubernetes-model-rbac/6.10.0/kubernetes-model-rbac-6.10.0.jar:/home/rmartinez/.m2/repository/io/fabric8/kubernetes-model-admissionregistration/6.10.0/kubernetes-model-admissionregistration-6.10.0.jar:/home/rmartinez/.m2/repository/io/fabric8/kubernetes-model-apps/6.10.0/kubernetes-model-apps-6.10.0.jar:/home/rmartinez/.m2/repository/io/fabric8/kubernetes-model-autoscaling/6.10.0/kubernetes-model-autoscaling-6.10.0.jar:/home/rmartinez/.m2/repository/io/fabric8/kubernetes-model-apiextensions/6.10.0/kubernetes-model-apiextensions-6.10.0.jar:/home/rmartinez/.m2/repository/io/fabric8/kubernetes-model-batch/6.10.0/kubernetes-model-batch-6.10.0.jar:/home/rmartinez/.m2/repository/io/fabric8/kubernetes-model-certificates/6.10.0/kubernetes-model-certificates-6.10.0.jar:/home/rmartinez/.m2/repository/io/fabric8/kubernetes-model-coordination/6.10.0/kubernetes-model-coordination-6.10.0.jar:/home/rmartinez/.m2/repository/io/fabric8/kubernetes-model-discovery/6.10.0/kubernetes-model-discovery-6.10.0.jar:/home/rmartinez/.m2/repository/io/fabric8/kubernetes-model-events/6.10.0/kubernetes-model-events-6.10.0.jar:/home/rmartinez/.m2/repository/io/fabric8/kubernetes-model-extensions/6.10.0/kubernetes-model-extensions-6.10.0.jar:/home/rmartinez/.m2/repository/io/fabric8/kubernetes-model-networking/6.10.0/kubernetes-model-networking-6.10.0.jar:/home/rmartinez/.m2/repository/io/fabric8/kubernetes-model-metrics/6.10.0/kubernetes-model-metrics-6.10.0.jar:/home/rmartinez/.m2/repository/io/fabric8/kubernetes-model-policy/6.10.0/kubernetes-model-policy-6.10.0.jar:/home/rmartinez/.m2/repository/io/fabric8/kubernetes-model-scheduling/6.10.0/kubernetes-model-scheduling-6.10.0.jar:/home/rmartinez/.m2/repository/io/fabric8/kubernetes-model-storageclass/6.10.0/kubernetes-model-storageclass-6.10.0.jar:/home/rmartinez/.m2/repository/io/fabric8/openshift-model/6.10.0/openshift-model-6.10.0.jar:/home/rmartinez/.m2/repository/io/fabric8/openshift-model-config/6.10.0/openshift-model-config-6.10.0.jar:/home/rmartinez/.m2/repository/com/fasterxml/jackson/core/jackson-annotations/2.16.0/jackson-annotations-2.16.0.jar:/home/rmartinez/.m2/repository/com/fasterxml/jackson/core/jackson-databind/2.17.1/jackson-databind-2.17.1.jar:/home/rmartinez/.m2/repository/com/fasterxml/jackson/core/jackson-core/2.17.1/jackson-core-2.17.1.jar:/home/rmartinez/.m2/repository/com/fasterxml/jackson/dataformat/jackson-dataformat-yaml/2.17.1/jackson-dataformat-yaml-2.17.1.jar:/home/rmartinez/.m2/repository/org/yaml/snakeyaml/2.2/snakeyaml-2.2.jar:/home/rmartinez/.m2/repository/org/junit/jupiter/junit-jupiter/5.10.2/junit-jupiter-5.10.2.jar:/home/rmartinez/.m2/repository/org/junit/jupiter/junit-jupiter-api/5.10.2/junit-jupiter-api-5.10.2.jar:/home/rmartinez/.m2/repository/org/opentest4j/opentest4j/1.3.0/opentest4j-1.3.0.jar:/home/rmartinez/.m2/repository/org/junit/platform/junit-platform-commons/1.10.2/junit-platform-commons-1.10.2.jar:/home/rmartinez/.m2/repository/org/apiguardian/apiguardian-api/1.1.2/apiguardian-api-1.1.2.jar:/home/rmartinez/.m2/repository/org/junit/jupiter/junit-jupiter-params/5.10.2/junit-jupiter-params-5.10.2.jar:/home/rmartinez/.m2/repository/org/junit/jupiter/junit-jupiter-engine/5.10.2/junit-jupiter-engine-5.10.2.jar:/home/rmartinez/.m2/repository/org/junit/platform/junit-platform-engine/1.10.2/junit-platform-engine-1.10.2.jar:"/>
    <property name="java.vm.vendor" value="Eclipse Adoptium"/>
    <property name="sun.arch.data.model" value="64"/>
    <property name="java.vendor.url" value="https://adoptium.net/"/>
    <property name="user.timezone" value="America/Caracas"/>
    <property name="os.name" value="Linux"/>
    <property name="java.vm.specification.version" value="21"/>
    <property name="sun.java.launcher" value="SUN_STANDARD"/>
    <property name="user.country" value="US"/>
    <property name="sun.boot.library.path" value="/home/rmartinez/.sdkman/candidates/java/21.0.3-tem/lib"/>
    <property name="sun.java.command" value="/home/rmartinez/repos/kaoto/packages/catalog-generator/target/surefire/surefirebooter-20240606100314696_3.jar /home/rmartinez/repos/kaoto/packages/catalog-generator/target/surefire 2024-06-06T10-03-14_407-jvmRun1 surefire-20240606100314696_1tmp surefire_0-20240606100314696_2tmp"/>
    <property name="jdk.debug" value="release"/>
    <property name="surefire.test.class.path" value="/home/rmartinez/repos/kaoto/packages/catalog-generator/target/test-classes:/home/rmartinez/repos/kaoto/packages/catalog-generator/target/classes:/home/rmartinez/.m2/repository/org/apache/camel/camel-catalog/4.6.0/camel-catalog-4.6.0.jar:/home/rmartinez/.m2/repository/org/apache/camel/camel-core-catalog/4.6.0/camel-core-catalog-4.6.0.jar:/home/rmartinez/.m2/repository/org/apache/camel/camel-api/4.6.0/camel-api-4.6.0.jar:/home/rmartinez/.m2/repository/org/apache/camel/camel-util/4.6.0/camel-util-4.6.0.jar:/home/rmartinez/.m2/repository/jakarta/xml/bind/jakarta.xml.bind-api/4.0.2/jakarta.xml.bind-api-4.0.2.jar:/home/rmartinez/.m2/repository/jakarta/activation/jakarta.activation-api/2.1.3/jakarta.activation-api-2.1.3.jar:/home/rmartinez/.m2/repository/org/apache/camel/camel-util-json/4.6.0/camel-util-json-4.6.0.jar:/home/rmartinez/.m2/repository/org/apache/camel/camel-tooling-model/4.6.0/camel-tooling-model-4.6.0.jar:/home/rmartinez/.m2/repository/org/apache/camel/camel-catalog-maven/4.6.0/camel-catalog-maven-4.6.0.jar:/home/rmartinez/.m2/repository/org/slf4j/slf4j-api/2.0.13/slf4j-api-2.0.13.jar:/home/rmartinez/.m2/repository/commons-codec/commons-codec/1.17.0/commons-codec-1.17.0.jar:/home/rmartinez/.m2/repository/org/apache/camel/camel-tooling-maven/4.6.0/camel-tooling-maven-4.6.0.jar:/home/rmartinez/.m2/repository/org/apache/camel/camel-support/4.6.0/camel-support-4.6.0.jar:/home/rmartinez/.m2/repository/org/apache/camel/camel-management-api/4.6.0/camel-management-api-4.6.0.jar:/home/rmartinez/.m2/repository/org/apache/camel/camel-xml-jaxp-util/4.6.0/camel-xml-jaxp-util-4.6.0.jar:/home/rmartinez/.m2/repository/jakarta/inject/jakarta.inject-api/2.0.1/jakarta.inject-api-2.0.1.jar:/home/rmartinez/.m2/repository/org/apache/maven/maven-resolver-provider/3.9.6/maven-resolver-provider-3.9.6.jar:/home/rmartinez/.m2/repository/org/apache/maven/maven-model/3.9.6/maven-model-3.9.6.jar:/home/rmartinez/.m2/repository/org/apache/maven/maven-model-builder/3.9.6/maven-model-builder-3.9.6.jar:/home/rmartinez/.m2/repository/org/apache/maven/maven-artifact/3.9.6/maven-artifact-3.9.6.jar:/home/rmartinez/.m2/repository/org/apache/commons/commons-lang3/3.12.0/commons-lang3-3.12.0.jar:/home/rmartinez/.m2/repository/org/eclipse/sisu/org.eclipse.sisu.inject/0.9.0.M2/org.eclipse.sisu.inject-0.9.0.M2.jar:/home/rmartinez/.m2/repository/org/apache/maven/maven-repository-metadata/3.9.6/maven-repository-metadata-3.9.6.jar:/home/rmartinez/.m2/repository/org/codehaus/plexus/plexus-utils/3.5.1/plexus-utils-3.5.1.jar:/home/rmartinez/.m2/repository/javax/inject/javax.inject/1/javax.inject-1.jar:/home/rmartinez/.m2/repository/org/apache/maven/maven-settings-builder/3.9.6/maven-settings-builder-3.9.6.jar:/home/rmartinez/.m2/repository/org/apache/maven/maven-builder-support/3.9.6/maven-builder-support-3.9.6.jar:/home/rmartinez/.m2/repository/org/codehaus/plexus/plexus-interpolation/1.26/plexus-interpolation-1.26.jar:/home/rmartinez/.m2/repository/org/apache/maven/maven-settings/3.9.6/maven-settings-3.9.6.jar:/home/rmartinez/.m2/repository/org/codehaus/plexus/plexus-sec-dispatcher/2.0/plexus-sec-dispatcher-2.0.jar:/home/rmartinez/.m2/repository/org/codehaus/plexus/plexus-cipher/2.0/plexus-cipher-2.0.jar:/home/rmartinez/.m2/repository/org/apache/maven/resolver/maven-resolver-api/1.9.20/maven-resolver-api-1.9.20.jar:/home/rmartinez/.m2/repository/org/apache/maven/resolver/maven-resolver-spi/1.9.20/maven-resolver-spi-1.9.20.jar:/home/rmartinez/.m2/repository/org/apache/maven/resolver/maven-resolver-impl/1.9.20/maven-resolver-impl-1.9.20.jar:/home/rmartinez/.m2/repository/org/apache/maven/resolver/maven-resolver-named-locks/1.9.20/maven-resolver-named-locks-1.9.20.jar:/home/rmartinez/.m2/repository/org/apache/maven/resolver/maven-resolver-connector-basic/1.9.20/maven-resolver-connector-basic-1.9.20.jar:/home/rmartinez/.m2/repository/org/apache/maven/resolver/maven-resolver-transport-file/1.9.20/maven-resolver-transport-file-1.9.20.jar:/home/rmartinez/.m2/repository/org/apache/maven/resolver/maven-resolver-transport-http/1.9.20/maven-resolver-transport-http-1.9.20.jar:/home/rmartinez/.m2/repository/org/apache/httpcomponents/httpclient/4.5.14/httpclient-4.5.14.jar:/home/rmartinez/.m2/repository/org/apache/httpcomponents/httpcore/4.4.16/httpcore-4.4.16.jar:/home/rmartinez/.m2/repository/org/slf4j/jcl-over-slf4j/1.7.36/jcl-over-slf4j-1.7.36.jar:/home/rmartinez/.m2/repository/org/apache/maven/resolver/maven-resolver-util/1.9.20/maven-resolver-util-1.9.20.jar:/home/rmartinez/.m2/repository/io/fabric8/kubernetes-model/6.10.0/kubernetes-model-6.10.0.jar:/home/rmartinez/.m2/repository/io/fabric8/kubernetes-model-core/6.10.0/kubernetes-model-core-6.10.0.jar:/home/rmartinez/.m2/repository/io/fabric8/kubernetes-model-common/6.10.0/kubernetes-model-common-6.10.0.jar:/home/rmartinez/.m2/repository/io/fabric8/kubernetes-model-rbac/6.10.0/kubernetes-model-rbac-6.10.0.jar:/home/rmartinez/.m2/repository/io/fabric8/kubernetes-model-admissionregistration/6.10.0/kubernetes-model-admissionregistration-6.10.0.jar:/home/rmartinez/.m2/repository/io/fabric8/kubernetes-model-apps/6.10.0/kubernetes-model-apps-6.10.0.jar:/home/rmartinez/.m2/repository/io/fabric8/kubernetes-model-autoscaling/6.10.0/kubernetes-model-autoscaling-6.10.0.jar:/home/rmartinez/.m2/repository/io/fabric8/kubernetes-model-apiextensions/6.10.0/kubernetes-model-apiextensions-6.10.0.jar:/home/rmartinez/.m2/repository/io/fabric8/kubernetes-model-batch/6.10.0/kubernetes-model-batch-6.10.0.jar:/home/rmartinez/.m2/repository/io/fabric8/kubernetes-model-certificates/6.10.0/kubernetes-model-certificates-6.10.0.jar:/home/rmartinez/.m2/repository/io/fabric8/kubernetes-model-coordination/6.10.0/kubernetes-model-coordination-6.10.0.jar:/home/rmartinez/.m2/repository/io/fabric8/kubernetes-model-discovery/6.10.0/kubernetes-model-discovery-6.10.0.jar:/home/rmartinez/.m2/repository/io/fabric8/kubernetes-model-events/6.10.0/kubernetes-model-events-6.10.0.jar:/home/rmartinez/.m2/repository/io/fabric8/kubernetes-model-extensions/6.10.0/kubernetes-model-extensions-6.10.0.jar:/home/rmartinez/.m2/repository/io/fabric8/kubernetes-model-networking/6.10.0/kubernetes-model-networking-6.10.0.jar:/home/rmartinez/.m2/repository/io/fabric8/kubernetes-model-metrics/6.10.0/kubernetes-model-metrics-6.10.0.jar:/home/rmartinez/.m2/repository/io/fabric8/kubernetes-model-policy/6.10.0/kubernetes-model-policy-6.10.0.jar:/home/rmartinez/.m2/repository/io/fabric8/kubernetes-model-scheduling/6.10.0/kubernetes-model-scheduling-6.10.0.jar:/home/rmartinez/.m2/repository/io/fabric8/kubernetes-model-storageclass/6.10.0/kubernetes-model-storageclass-6.10.0.jar:/home/rmartinez/.m2/repository/io/fabric8/openshift-model/6.10.0/openshift-model-6.10.0.jar:/home/rmartinez/.m2/repository/io/fabric8/openshift-model-config/6.10.0/openshift-model-config-6.10.0.jar:/home/rmartinez/.m2/repository/com/fasterxml/jackson/core/jackson-annotations/2.16.0/jackson-annotations-2.16.0.jar:/home/rmartinez/.m2/repository/com/fasterxml/jackson/core/jackson-databind/2.17.1/jackson-databind-2.17.1.jar:/home/rmartinez/.m2/repository/com/fasterxml/jackson/core/jackson-core/2.17.1/jackson-core-2.17.1.jar:/home/rmartinez/.m2/repository/com/fasterxml/jackson/dataformat/jackson-dataformat-yaml/2.17.1/jackson-dataformat-yaml-2.17.1.jar:/home/rmartinez/.m2/repository/org/yaml/snakeyaml/2.2/snakeyaml-2.2.jar:/home/rmartinez/.m2/repository/org/junit/jupiter/junit-jupiter/5.10.2/junit-jupiter-5.10.2.jar:/home/rmartinez/.m2/repository/org/junit/jupiter/junit-jupiter-api/5.10.2/junit-jupiter-api-5.10.2.jar:/home/rmartinez/.m2/repository/org/opentest4j/opentest4j/1.3.0/opentest4j-1.3.0.jar:/home/rmartinez/.m2/repository/org/junit/platform/junit-platform-commons/1.10.2/junit-platform-commons-1.10.2.jar:/home/rmartinez/.m2/repository/org/apiguardian/apiguardian-api/1.1.2/apiguardian-api-1.1.2.jar:/home/rmartinez/.m2/repository/org/junit/jupiter/junit-jupiter-params/5.10.2/junit-jupiter-params-5.10.2.jar:/home/rmartinez/.m2/repository/org/junit/jupiter/junit-jupiter-engine/5.10.2/junit-jupiter-engine-5.10.2.jar:/home/rmartinez/.m2/repository/org/junit/platform/junit-platform-engine/1.10.2/junit-platform-engine-1.10.2.jar:"/>
    <property name="sun.cpu.endian" value="little"/>
    <property name="user.home" value="/home/rmartinez"/>
    <property name="user.language" value="en"/>
    <property name="java.specification.vendor" value="Oracle Corporation"/>
    <property name="java.version.date" value="2024-04-16"/>
    <property name="java.home" value="/home/rmartinez/.sdkman/candidates/java/21.0.3-tem"/>
    <property name="file.separator" value="/"/>
    <property name="basedir" value="/home/rmartinez/repos/kaoto/packages/catalog-generator"/>
    <property name="java.vm.compressedOopsMode" value="Zero based"/>
    <property name="line.separator" value="&#10;"/>
    <property name="java.specification.name" value="Java Platform API Specification"/>
    <property name="java.vm.specification.vendor" value="Oracle Corporation"/>
    <property name="surefire.real.class.path" value="/home/rmartinez/repos/kaoto/packages/catalog-generator/target/surefire/surefirebooter-20240606100314696_3.jar"/>
    <property name="sun.management.compiler" value="HotSpot 64-Bit Tiered Compilers"/>
    <property name="java.runtime.version" value="21.0.3+9-LTS"/>
    <property name="user.name" value="rmartinez"/>
    <property name="stdout.encoding" value="UTF-8"/>
    <property name="path.separator" value=":"/>
    <property name="os.version" value="5.14.0-427.18.1.el9_4.x86_64"/>
    <property name="java.runtime.name" value="OpenJDK Runtime Environment"/>
    <property name="file.encoding" value="UTF-8"/>
    <property name="java.vm.name" value="OpenJDK 64-Bit Server VM"/>
    <property name="java.vendor.version" value="Temurin-21.0.3+9"/>
    <property name="localRepository" value="/home/rmartinez/.m2/repository"/>
    <property name="java.vendor.url.bug" value="https://github.com/adoptium/adoptium-support/issues"/>
    <property name="java.io.tmpdir" value="/tmp"/>
    <property name="java.version" value="21.0.3"/>
    <property name="user.dir" value="/home/rmartinez/repos/kaoto/packages/catalog-generator"/>
    <property name="os.arch" value="amd64"/>
    <property name="java.vm.specification.name" value="Java Virtual Machine Specification"/>
    <property name="native.encoding" value="UTF-8"/>
    <property name="java.library.path" value="/usr/java/packages/lib:/usr/lib64:/lib64:/lib:/usr/lib"/>
    <property name="java.vm.info" value="mixed mode, sharing"/>
    <property name="stderr.encoding" value="UTF-8"/>
    <property name="java.vendor" value="Eclipse Adoptium"/>
    <property name="java.vm.version" value="21.0.3+9-LTS"/>
    <property name="sun.io.unicode.encoding" value="UnicodeLittle"/>
    <property name="java.class.version" value="65.0"/>
  </properties>
  <testcase name="testGenerate" classname="io.kaoto.camelcatalog.MainTest" time="3.024">
    <system-err><![CDATA[SLF4J(W): No SLF4J providers were found.
SLF4J(W): Defaulting to no-operation (NOP) logger implementation
SLF4J(W): See https://www.slf4j.org/codes.html#noProviders for further details.
Jun 06, 2024 10:03:15 AM io.kaoto.camelcatalog.CamelCatalogVersionLoader lambda$loadKameletBoundaries$2
INFO: Parsing: /home/rmartinez/repos/kaoto/packages/catalog-generator/target/classes/kamelet-boundaries/sink.kamelet.yaml
Jun 06, 2024 10:03:15 AM io.kaoto.camelcatalog.CamelCatalogVersionLoader lambda$loadKameletBoundaries$2
INFO: Parsing: /home/rmartinez/repos/kaoto/packages/catalog-generator/target/classes/kamelet-boundaries/source.kamelet.yaml
Jun 06, 2024 10:03:15 AM io.kaoto.camelcatalog.CamelCatalogVersionLoader loadKamelets
INFO: Parsing: kamelets/avro-deserialize-action.kamelet.yaml
Jun 06, 2024 10:03:15 AM io.kaoto.camelcatalog.CamelCatalogVersionLoader loadKamelets
INFO: Parsing: kamelets/avro-serialize-action.kamelet.yaml
Jun 06, 2024 10:03:15 AM io.kaoto.camelcatalog.CamelCatalogVersionLoader loadKamelets
INFO: Parsing: kamelets/aws-bedrock-agent-runtime-sink.kamelet.yaml
Jun 06, 2024 10:03:15 AM io.kaoto.camelcatalog.CamelCatalogVersionLoader loadKamelets
INFO: Parsing: kamelets/aws-bedrock-text-sink.kamelet.yaml
Jun 06, 2024 10:03:15 AM io.kaoto.camelcatalog.CamelCatalogVersionLoader loadKamelets
INFO: Parsing: kamelets/aws-cloudtrail-source.kamelet.yaml
Jun 06, 2024 10:03:15 AM io.kaoto.camelcatalog.CamelCatalogVersionLoader loadKamelets
INFO: Parsing: kamelets/aws-cloudwatch-sink.kamelet.yaml
Jun 06, 2024 10:03:15 AM io.kaoto.camelcatalog.CamelCatalogVersionLoader loadKamelets
INFO: Parsing: kamelets/aws-ddb-sink.kamelet.yaml
Jun 06, 2024 10:03:15 AM io.kaoto.camelcatalog.CamelCatalogVersionLoader loadKamelets
INFO: Parsing: kamelets/aws-ddb-streams-source.kamelet.yaml
Jun 06, 2024 10:03:15 AM io.kaoto.camelcatalog.CamelCatalogVersionLoader loadKamelets
INFO: Parsing: kamelets/aws-ec2-sink.kamelet.yaml
Jun 06, 2024 10:03:15 AM io.kaoto.camelcatalog.CamelCatalogVersionLoader loadKamelets
INFO: Parsing: kamelets/aws-eventbridge-sink.kamelet.yaml
Jun 06, 2024 10:03:15 AM io.kaoto.camelcatalog.CamelCatalogVersionLoader loadKamelets
INFO: Parsing: kamelets/aws-kinesis-firehose-sink.kamelet.yaml
Jun 06, 2024 10:03:15 AM io.kaoto.camelcatalog.CamelCatalogVersionLoader loadKamelets
INFO: Parsing: kamelets/aws-kinesis-sink.kamelet.yaml
Jun 06, 2024 10:03:15 AM io.kaoto.camelcatalog.CamelCatalogVersionLoader loadKamelets
INFO: Parsing: kamelets/aws-kinesis-source.kamelet.yaml
Jun 06, 2024 10:03:15 AM io.kaoto.camelcatalog.CamelCatalogVersionLoader loadKamelets
INFO: Parsing: kamelets/aws-lambda-sink.kamelet.yaml
Jun 06, 2024 10:03:15 AM io.kaoto.camelcatalog.CamelCatalogVersionLoader loadKamelets
INFO: Parsing: kamelets/aws-redshift-sink.kamelet.yaml
Jun 06, 2024 10:03:15 AM io.kaoto.camelcatalog.CamelCatalogVersionLoader loadKamelets
INFO: Parsing: kamelets/aws-redshift-source.kamelet.yaml
Jun 06, 2024 10:03:15 AM io.kaoto.camelcatalog.CamelCatalogVersionLoader loadKamelets
INFO: Parsing: kamelets/aws-s3-event-based-source.kamelet.yaml
Jun 06, 2024 10:03:15 AM io.kaoto.camelcatalog.CamelCatalogVersionLoader loadKamelets
INFO: Parsing: kamelets/aws-s3-sink.kamelet.yaml
Jun 06, 2024 10:03:15 AM io.kaoto.camelcatalog.CamelCatalogVersionLoader loadKamelets
INFO: Parsing: kamelets/aws-s3-source.kamelet.yaml
Jun 06, 2024 10:03:15 AM io.kaoto.camelcatalog.CamelCatalogVersionLoader loadKamelets
INFO: Parsing: kamelets/aws-s3-streaming-upload-sink.kamelet.yaml
Jun 06, 2024 10:03:15 AM io.kaoto.camelcatalog.CamelCatalogVersionLoader loadKamelets
INFO: Parsing: kamelets/aws-secrets-manager-sink.kamelet.yaml
Jun 06, 2024 10:03:15 AM io.kaoto.camelcatalog.CamelCatalogVersionLoader loadKamelets
INFO: Parsing: kamelets/aws-ses-sink.kamelet.yaml
Jun 06, 2024 10:03:15 AM io.kaoto.camelcatalog.CamelCatalogVersionLoader loadKamelets
INFO: Parsing: kamelets/aws-sns-fifo-sink.kamelet.yaml
Jun 06, 2024 10:03:15 AM io.kaoto.camelcatalog.CamelCatalogVersionLoader loadKamelets
INFO: Parsing: kamelets/aws-sns-sink.kamelet.yaml
Jun 06, 2024 10:03:15 AM io.kaoto.camelcatalog.CamelCatalogVersionLoader loadKamelets
INFO: Parsing: kamelets/aws-sqs-batch-sink.kamelet.yaml
Jun 06, 2024 10:03:15 AM io.kaoto.camelcatalog.CamelCatalogVersionLoader loadKamelets
INFO: Parsing: kamelets/aws-sqs-fifo-sink.kamelet.yaml
Jun 06, 2024 10:03:15 AM io.kaoto.camelcatalog.CamelCatalogVersionLoader loadKamelets
INFO: Parsing: kamelets/aws-sqs-sink.kamelet.yaml
Jun 06, 2024 10:03:15 AM io.kaoto.camelcatalog.CamelCatalogVersionLoader loadKamelets
INFO: Parsing: kamelets/aws-sqs-source.kamelet.yaml
Jun 06, 2024 10:03:15 AM io.kaoto.camelcatalog.CamelCatalogVersionLoader loadKamelets
INFO: Parsing: kamelets/aws-sts-assume-role-action.kamelet.yaml
Jun 06, 2024 10:03:15 AM io.kaoto.camelcatalog.CamelCatalogVersionLoader loadKamelets
INFO: Parsing: kamelets/aws-timestream-query-sink.kamelet.yaml
Jun 06, 2024 10:03:15 AM io.kaoto.camelcatalog.CamelCatalogVersionLoader loadKamelets
INFO: Parsing: kamelets/aws-translate-action.kamelet.yaml
Jun 06, 2024 10:03:15 AM io.kaoto.camelcatalog.CamelCatalogVersionLoader loadKamelets
INFO: Parsing: kamelets/azure-cosmosdb-sink.kamelet.yaml
Jun 06, 2024 10:03:15 AM io.kaoto.camelcatalog.CamelCatalogVersionLoader loadKamelets
INFO: Parsing: kamelets/azure-cosmosdb-source.kamelet.yaml
Jun 06, 2024 10:03:15 AM io.kaoto.camelcatalog.CamelCatalogVersionLoader loadKamelets
INFO: Parsing: kamelets/azure-eventhubs-sink.kamelet.yaml
Jun 06, 2024 10:03:15 AM io.kaoto.camelcatalog.CamelCatalogVersionLoader loadKamelets
INFO: Parsing: kamelets/azure-eventhubs-source.kamelet.yaml
Jun 06, 2024 10:03:15 AM io.kaoto.camelcatalog.CamelCatalogVersionLoader loadKamelets
INFO: Parsing: kamelets/azure-functions-sink.kamelet.yaml
Jun 06, 2024 10:03:15 AM io.kaoto.camelcatalog.CamelCatalogVersionLoader loadKamelets
INFO: Parsing: kamelets/azure-servicebus-sink.kamelet.yaml
Jun 06, 2024 10:03:15 AM io.kaoto.camelcatalog.CamelCatalogVersionLoader loadKamelets
INFO: Parsing: kamelets/azure-servicebus-source.kamelet.yaml
Jun 06, 2024 10:03:15 AM io.kaoto.camelcatalog.CamelCatalogVersionLoader loadKamelets
INFO: Parsing: kamelets/azure-storage-blob-append-sink.kamelet.yaml
Jun 06, 2024 10:03:15 AM io.kaoto.camelcatalog.CamelCatalogVersionLoader loadKamelets
INFO: Parsing: kamelets/azure-storage-blob-changefeed-source.kamelet.yaml
Jun 06, 2024 10:03:15 AM io.kaoto.camelcatalog.CamelCatalogVersionLoader loadKamelets
INFO: Parsing: kamelets/azure-storage-blob-event-based-source.kamelet.yaml
Jun 06, 2024 10:03:15 AM io.kaoto.camelcatalog.CamelCatalogVersionLoader loadKamelets
INFO: Parsing: kamelets/azure-storage-blob-sink.kamelet.yaml
Jun 06, 2024 10:03:15 AM io.kaoto.camelcatalog.CamelCatalogVersionLoader loadKamelets
INFO: Parsing: kamelets/azure-storage-blob-source.kamelet.yaml
Jun 06, 2024 10:03:15 AM io.kaoto.camelcatalog.CamelCatalogVersionLoader loadKamelets
INFO: Parsing: kamelets/azure-storage-datalake-sink.kamelet.yaml
Jun 06, 2024 10:03:15 AM io.kaoto.camelcatalog.CamelCatalogVersionLoader loadKamelets
INFO: Parsing: kamelets/azure-storage-datalake-source.kamelet.yaml
Jun 06, 2024 10:03:15 AM io.kaoto.camelcatalog.CamelCatalogVersionLoader loadKamelets
INFO: Parsing: kamelets/azure-storage-files-sink.kamelet.yaml
Jun 06, 2024 10:03:15 AM io.kaoto.camelcatalog.CamelCatalogVersionLoader loadKamelets
INFO: Parsing: kamelets/azure-storage-files-source.kamelet.yaml
Jun 06, 2024 10:03:15 AM io.kaoto.camelcatalog.CamelCatalogVersionLoader loadKamelets
INFO: Parsing: kamelets/azure-storage-queue-sink.kamelet.yaml
Jun 06, 2024 10:03:15 AM io.kaoto.camelcatalog.CamelCatalogVersionLoader loadKamelets
INFO: Parsing: kamelets/azure-storage-queue-source.kamelet.yaml
Jun 06, 2024 10:03:15 AM io.kaoto.camelcatalog.CamelCatalogVersionLoader loadKamelets
INFO: Parsing: kamelets/beer-source.kamelet.yaml
Jun 06, 2024 10:03:15 AM io.kaoto.camelcatalog.CamelCatalogVersionLoader loadKamelets
INFO: Parsing: kamelets/bitcoin-source.kamelet.yaml
Jun 06, 2024 10:03:15 AM io.kaoto.camelcatalog.CamelCatalogVersionLoader loadKamelets
INFO: Parsing: kamelets/caffeine-action.kamelet.yaml
Jun 06, 2024 10:03:15 AM io.kaoto.camelcatalog.CamelCatalogVersionLoader loadKamelets
INFO: Parsing: kamelets/cassandra-sink.kamelet.yaml
Jun 06, 2024 10:03:15 AM io.kaoto.camelcatalog.CamelCatalogVersionLoader loadKamelets
INFO: Parsing: kamelets/cassandra-source.kamelet.yaml
Jun 06, 2024 10:03:15 AM io.kaoto.camelcatalog.CamelCatalogVersionLoader loadKamelets
INFO: Parsing: kamelets/ceph-sink.kamelet.yaml
Jun 06, 2024 10:03:15 AM io.kaoto.camelcatalog.CamelCatalogVersionLoader loadKamelets
INFO: Parsing: kamelets/ceph-source.kamelet.yaml
Jun 06, 2024 10:03:15 AM io.kaoto.camelcatalog.CamelCatalogVersionLoader loadKamelets
INFO: Parsing: kamelets/chuck-norris-source.kamelet.yaml
Jun 06, 2024 10:03:15 AM io.kaoto.camelcatalog.CamelCatalogVersionLoader loadKamelets
INFO: Parsing: kamelets/chunk-template-action.kamelet.yaml
Jun 06, 2024 10:03:15 AM io.kaoto.camelcatalog.CamelCatalogVersionLoader loadKamelets
INFO: Parsing: kamelets/coffee-source.kamelet.yaml
Jun 06, 2024 10:03:15 AM io.kaoto.camelcatalog.CamelCatalogVersionLoader loadKamelets
INFO: Parsing: kamelets/couchbase-sink.kamelet.yaml
Jun 06, 2024 10:03:15 AM io.kaoto.camelcatalog.CamelCatalogVersionLoader loadKamelets
INFO: Parsing: kamelets/cron-source.kamelet.yaml
Jun 06, 2024 10:03:15 AM io.kaoto.camelcatalog.CamelCatalogVersionLoader loadKamelets
INFO: Parsing: kamelets/data-type-action.kamelet.yaml
Jun 06, 2024 10:03:15 AM io.kaoto.camelcatalog.CamelCatalogVersionLoader loadKamelets
INFO: Parsing: kamelets/delay-action.kamelet.yaml
Jun 06, 2024 10:03:15 AM io.kaoto.camelcatalog.CamelCatalogVersionLoader loadKamelets
INFO: Parsing: kamelets/dns-dig-action.kamelet.yaml
Jun 06, 2024 10:03:15 AM io.kaoto.camelcatalog.CamelCatalogVersionLoader loadKamelets
INFO: Parsing: kamelets/dns-ip-action.kamelet.yaml
Jun 06, 2024 10:03:15 AM io.kaoto.camelcatalog.CamelCatalogVersionLoader loadKamelets
INFO: Parsing: kamelets/dns-lookup-action.kamelet.yaml
Jun 06, 2024 10:03:15 AM io.kaoto.camelcatalog.CamelCatalogVersionLoader loadKamelets
INFO: Parsing: kamelets/drop-field-action.kamelet.yaml
Jun 06, 2024 10:03:15 AM io.kaoto.camelcatalog.CamelCatalogVersionLoader loadKamelets
INFO: Parsing: kamelets/drop-header-action.kamelet.yaml
Jun 06, 2024 10:03:15 AM io.kaoto.camelcatalog.CamelCatalogVersionLoader loadKamelets
INFO: Parsing: kamelets/drop-headers-action.kamelet.yaml
Jun 06, 2024 10:03:15 AM io.kaoto.camelcatalog.CamelCatalogVersionLoader loadKamelets
INFO: Parsing: kamelets/dropbox-sink.kamelet.yaml
Jun 06, 2024 10:03:15 AM io.kaoto.camelcatalog.CamelCatalogVersionLoader loadKamelets
INFO: Parsing: kamelets/dropbox-source.kamelet.yaml
Jun 06, 2024 10:03:15 AM io.kaoto.camelcatalog.CamelCatalogVersionLoader loadKamelets
INFO: Parsing: kamelets/earthquake-source.kamelet.yaml
Jun 06, 2024 10:03:15 AM io.kaoto.camelcatalog.CamelCatalogVersionLoader loadKamelets
INFO: Parsing: kamelets/elasticsearch-index-sink.kamelet.yaml
Jun 06, 2024 10:03:15 AM io.kaoto.camelcatalog.CamelCatalogVersionLoader loadKamelets
INFO: Parsing: kamelets/elasticsearch-search-source.kamelet.yaml
Jun 06, 2024 10:03:15 AM io.kaoto.camelcatalog.CamelCatalogVersionLoader loadKamelets
INFO: Parsing: kamelets/exec-sink.kamelet.yaml
Jun 06, 2024 10:03:15 AM io.kaoto.camelcatalog.CamelCatalogVersionLoader loadKamelets
INFO: Parsing: kamelets/extract-field-action.kamelet.yaml
Jun 06, 2024 10:03:15 AM io.kaoto.camelcatalog.CamelCatalogVersionLoader loadKamelets
INFO: Parsing: kamelets/fhir-sink.kamelet.yaml
Jun 06, 2024 10:03:15 AM io.kaoto.camelcatalog.CamelCatalogVersionLoader loadKamelets
INFO: Parsing: kamelets/fhir-source.kamelet.yaml
Jun 06, 2024 10:03:15 AM io.kaoto.camelcatalog.CamelCatalogVersionLoader loadKamelets
INFO: Parsing: kamelets/file-watch-source.kamelet.yaml
Jun 06, 2024 10:03:15 AM io.kaoto.camelcatalog.CamelCatalogVersionLoader loadKamelets
INFO: Parsing: kamelets/freemarker-template-action.kamelet.yaml
Jun 06, 2024 10:03:15 AM io.kaoto.camelcatalog.CamelCatalogVersionLoader loadKamelets
INFO: Parsing: kamelets/ftp-sink.kamelet.yaml
Jun 06, 2024 10:03:15 AM io.kaoto.camelcatalog.CamelCatalogVersionLoader loadKamelets
INFO: Parsing: kamelets/ftp-source.kamelet.yaml
Jun 06, 2024 10:03:15 AM io.kaoto.camelcatalog.CamelCatalogVersionLoader loadKamelets
INFO: Parsing: kamelets/ftps-sink.kamelet.yaml
Jun 06, 2024 10:03:15 AM io.kaoto.camelcatalog.CamelCatalogVersionLoader loadKamelets
INFO: Parsing: kamelets/ftps-source.kamelet.yaml
Jun 06, 2024 10:03:15 AM io.kaoto.camelcatalog.CamelCatalogVersionLoader loadKamelets
INFO: Parsing: kamelets/github-commit-source.kamelet.yaml
Jun 06, 2024 10:03:15 AM io.kaoto.camelcatalog.CamelCatalogVersionLoader loadKamelets
INFO: Parsing: kamelets/github-event-source.kamelet.yaml
Jun 06, 2024 10:03:15 AM io.kaoto.camelcatalog.CamelCatalogVersionLoader loadKamelets
INFO: Parsing: kamelets/github-pullrequest-comment-source.kamelet.yaml
Jun 06, 2024 10:03:15 AM io.kaoto.camelcatalog.CamelCatalogVersionLoader loadKamelets
INFO: Parsing: kamelets/github-pullrequest-source.kamelet.yaml
Jun 06, 2024 10:03:15 AM io.kaoto.camelcatalog.CamelCatalogVersionLoader loadKamelets
INFO: Parsing: kamelets/github-tag-source.kamelet.yaml
Jun 06, 2024 10:03:15 AM io.kaoto.camelcatalog.CamelCatalogVersionLoader loadKamelets
INFO: Parsing: kamelets/google-bigquery-sink.kamelet.yaml
Jun 06, 2024 10:03:15 AM io.kaoto.camelcatalog.CamelCatalogVersionLoader loadKamelets
INFO: Parsing: kamelets/google-calendar-source.kamelet.yaml
Jun 06, 2024 10:03:15 AM io.kaoto.camelcatalog.CamelCatalogVersionLoader loadKamelets
INFO: Parsing: kamelets/google-functions-sink.kamelet.yaml
Jun 06, 2024 10:03:15 AM io.kaoto.camelcatalog.CamelCatalogVersionLoader loadKamelets
INFO: Parsing: kamelets/google-mail-source.kamelet.yaml
Jun 06, 2024 10:03:15 AM io.kaoto.camelcatalog.CamelCatalogVersionLoader loadKamelets
INFO: Parsing: kamelets/google-pubsub-sink.kamelet.yaml
Jun 06, 2024 10:03:15 AM io.kaoto.camelcatalog.CamelCatalogVersionLoader loadKamelets
INFO: Parsing: kamelets/google-pubsub-source.kamelet.yaml
Jun 06, 2024 10:03:15 AM io.kaoto.camelcatalog.CamelCatalogVersionLoader loadKamelets
INFO: Parsing: kamelets/google-sheets-sink.kamelet.yaml
Jun 06, 2024 10:03:15 AM io.kaoto.camelcatalog.CamelCatalogVersionLoader loadKamelets
INFO: Parsing: kamelets/google-sheets-source.kamelet.yaml
Jun 06, 2024 10:03:15 AM io.kaoto.camelcatalog.CamelCatalogVersionLoader loadKamelets
INFO: Parsing: kamelets/google-storage-event-based-source.kamelet.yaml
Jun 06, 2024 10:03:15 AM io.kaoto.camelcatalog.CamelCatalogVersionLoader loadKamelets
INFO: Parsing: kamelets/google-storage-sink.kamelet.yaml
Jun 06, 2024 10:03:15 AM io.kaoto.camelcatalog.CamelCatalogVersionLoader loadKamelets
INFO: Parsing: kamelets/google-storage-source.kamelet.yaml
Jun 06, 2024 10:03:15 AM io.kaoto.camelcatalog.CamelCatalogVersionLoader loadKamelets
INFO: Parsing: kamelets/graphql-sink.kamelet.yaml
Jun 06, 2024 10:03:15 AM io.kaoto.camelcatalog.CamelCatalogVersionLoader loadKamelets
INFO: Parsing: kamelets/has-header-filter-action.kamelet.yaml
Jun 06, 2024 10:03:15 AM io.kaoto.camelcatalog.CamelCatalogVersionLoader loadKamelets
INFO: Parsing: kamelets/header-matches-filter-action.kamelet.yaml
Jun 06, 2024 10:03:15 AM io.kaoto.camelcatalog.CamelCatalogVersionLoader loadKamelets
INFO: Parsing: kamelets/hoist-field-action.kamelet.yaml
Jun 06, 2024 10:03:15 AM io.kaoto.camelcatalog.CamelCatalogVersionLoader loadKamelets
INFO: Parsing: kamelets/http-secured-sink.kamelet.yaml
Jun 06, 2024 10:03:15 AM io.kaoto.camelcatalog.CamelCatalogVersionLoader loadKamelets
INFO: Parsing: kamelets/http-secured-source.kamelet.yaml
Jun 06, 2024 10:03:15 AM io.kaoto.camelcatalog.CamelCatalogVersionLoader loadKamelets
INFO: Parsing: kamelets/http-sink.kamelet.yaml
Jun 06, 2024 10:03:15 AM io.kaoto.camelcatalog.CamelCatalogVersionLoader loadKamelets
INFO: Parsing: kamelets/http-source.kamelet.yaml
Jun 06, 2024 10:03:15 AM io.kaoto.camelcatalog.CamelCatalogVersionLoader loadKamelets
INFO: Parsing: kamelets/infinispan-sink.kamelet.yaml
Jun 06, 2024 10:03:15 AM io.kaoto.camelcatalog.CamelCatalogVersionLoader loadKamelets
INFO: Parsing: kamelets/infinispan-source.kamelet.yaml
Jun 06, 2024 10:03:15 AM io.kaoto.camelcatalog.CamelCatalogVersionLoader loadKamelets
INFO: Parsing: kamelets/insert-field-action.kamelet.yaml
Jun 06, 2024 10:03:15 AM io.kaoto.camelcatalog.CamelCatalogVersionLoader loadKamelets
INFO: Parsing: kamelets/insert-header-action.kamelet.yaml
Jun 06, 2024 10:03:15 AM io.kaoto.camelcatalog.CamelCatalogVersionLoader loadKamelets
INFO: Parsing: kamelets/is-tombstone-filter-action.kamelet.yaml
Jun 06, 2024 10:03:15 AM io.kaoto.camelcatalog.CamelCatalogVersionLoader loadKamelets
INFO: Parsing: kamelets/jira-add-comment-sink.kamelet.yaml
Jun 06, 2024 10:03:15 AM io.kaoto.camelcatalog.CamelCatalogVersionLoader loadKamelets
INFO: Parsing: kamelets/jira-add-issue-sink.kamelet.yaml
Jun 06, 2024 10:03:15 AM io.kaoto.camelcatalog.CamelCatalogVersionLoader loadKamelets
INFO: Parsing: kamelets/jira-oauth-source.kamelet.yaml
Jun 06, 2024 10:03:15 AM io.kaoto.camelcatalog.CamelCatalogVersionLoader loadKamelets
INFO: Parsing: kamelets/jira-source.kamelet.yaml
Jun 06, 2024 10:03:15 AM io.kaoto.camelcatalog.CamelCatalogVersionLoader loadKamelets
INFO: Parsing: kamelets/jira-transition-issue-sink.kamelet.yaml
Jun 06, 2024 10:03:15 AM io.kaoto.camelcatalog.CamelCatalogVersionLoader loadKamelets
INFO: Parsing: kamelets/jira-update-issue-sink.kamelet.yaml
Jun 06, 2024 10:03:15 AM io.kaoto.camelcatalog.CamelCatalogVersionLoader loadKamelets
INFO: Parsing: kamelets/jms-amqp-10-sink.kamelet.yaml
Jun 06, 2024 10:03:15 AM io.kaoto.camelcatalog.CamelCatalogVersionLoader loadKamelets
INFO: Parsing: kamelets/jms-amqp-10-source.kamelet.yaml
Jun 06, 2024 10:03:15 AM io.kaoto.camelcatalog.CamelCatalogVersionLoader loadKamelets
INFO: Parsing: kamelets/jms-apache-artemis-sink.kamelet.yaml
Jun 06, 2024 10:03:15 AM io.kaoto.camelcatalog.CamelCatalogVersionLoader loadKamelets
INFO: Parsing: kamelets/jms-apache-artemis-source.kamelet.yaml
Jun 06, 2024 10:03:15 AM io.kaoto.camelcatalog.CamelCatalogVersionLoader loadKamelets
INFO: Parsing: kamelets/jms-ibm-mq-sink.kamelet.yaml
Jun 06, 2024 10:03:15 AM io.kaoto.camelcatalog.CamelCatalogVersionLoader loadKamelets
INFO: Parsing: kamelets/jms-ibm-mq-source.kamelet.yaml
Jun 06, 2024 10:03:15 AM io.kaoto.camelcatalog.CamelCatalogVersionLoader loadKamelets
INFO: Parsing: kamelets/jolt-transformation-action.kamelet.yaml
Jun 06, 2024 10:03:15 AM io.kaoto.camelcatalog.CamelCatalogVersionLoader loadKamelets
INFO: Parsing: kamelets/jslt-action.kamelet.yaml
Jun 06, 2024 10:03:15 AM io.kaoto.camelcatalog.CamelCatalogVersionLoader loadKamelets
INFO: Parsing: kamelets/json-deserialize-action.kamelet.yaml
Jun 06, 2024 10:03:15 AM io.kaoto.camelcatalog.CamelCatalogVersionLoader loadKamelets
INFO: Parsing: kamelets/json-patch-action.kamelet.yaml
Jun 06, 2024 10:03:15 AM io.kaoto.camelcatalog.CamelCatalogVersionLoader loadKamelets
INFO: Parsing: kamelets/json-schema-validator-action.kamelet.yaml
Jun 06, 2024 10:03:15 AM io.kaoto.camelcatalog.CamelCatalogVersionLoader loadKamelets
INFO: Parsing: kamelets/json-serialize-action.kamelet.yaml
Jun 06, 2024 10:03:15 AM io.kaoto.camelcatalog.CamelCatalogVersionLoader loadKamelets
INFO: Parsing: kamelets/jsonata-action.kamelet.yaml
Jun 06, 2024 10:03:15 AM io.kaoto.camelcatalog.CamelCatalogVersionLoader loadKamelets
INFO: Parsing: kamelets/kafka-apicurio-registry-not-secured-sink.kamelet.yaml
Jun 06, 2024 10:03:15 AM io.kaoto.camelcatalog.CamelCatalogVersionLoader loadKamelets
INFO: Parsing: kamelets/kafka-apicurio-registry-not-secured-source.kamelet.yaml
Jun 06, 2024 10:03:15 AM io.kaoto.camelcatalog.CamelCatalogVersionLoader loadKamelets
INFO: Parsing: kamelets/kafka-azure-schema-registry-sink.kamelet.yaml
Jun 06, 2024 10:03:15 AM io.kaoto.camelcatalog.CamelCatalogVersionLoader loadKamelets
INFO: Parsing: kamelets/kafka-azure-schema-registry-source.kamelet.yaml
Jun 06, 2024 10:03:15 AM io.kaoto.camelcatalog.CamelCatalogVersionLoader loadKamelets
INFO: Parsing: kamelets/kafka-batch-apicurio-registry-not-secured-source.kamelet.yaml
Jun 06, 2024 10:03:15 AM io.kaoto.camelcatalog.CamelCatalogVersionLoader loadKamelets
INFO: Parsing: kamelets/kafka-batch-apicurio-registry-source.kamelet.yaml
Jun 06, 2024 10:03:15 AM io.kaoto.camelcatalog.CamelCatalogVersionLoader loadKamelets
INFO: Parsing: kamelets/kafka-batch-azure-schema-registry-source.kamelet.yaml
Jun 06, 2024 10:03:15 AM io.kaoto.camelcatalog.CamelCatalogVersionLoader loadKamelets
INFO: Parsing: kamelets/kafka-batch-manual-commit-action.kamelet.yaml
Jun 06, 2024 10:03:15 AM io.kaoto.camelcatalog.CamelCatalogVersionLoader loadKamelets
INFO: Parsing: kamelets/kafka-batch-not-secured-source.kamelet.yaml
Jun 06, 2024 10:03:15 AM io.kaoto.camelcatalog.CamelCatalogVersionLoader loadKamelets
INFO: Parsing: kamelets/kafka-batch-scram-source.kamelet.yaml
Jun 06, 2024 10:03:15 AM io.kaoto.camelcatalog.CamelCatalogVersionLoader loadKamelets
INFO: Parsing: kamelets/kafka-batch-source.kamelet.yaml
Jun 06, 2024 10:03:15 AM io.kaoto.camelcatalog.CamelCatalogVersionLoader loadKamelets
INFO: Parsing: kamelets/kafka-batch-ssl-source.kamelet.yaml
Jun 06, 2024 10:03:15 AM io.kaoto.camelcatalog.CamelCatalogVersionLoader loadKamelets
INFO: Parsing: kamelets/kafka-manual-commit-action.kamelet.yaml
Jun 06, 2024 10:03:15 AM io.kaoto.camelcatalog.CamelCatalogVersionLoader loadKamelets
INFO: Parsing: kamelets/kafka-not-secured-apicurio-registry-sink.kamelet.yaml
Jun 06, 2024 10:03:15 AM io.kaoto.camelcatalog.CamelCatalogVersionLoader loadKamelets
INFO: Parsing: kamelets/kafka-not-secured-apicurio-registry-source.kamelet.yaml
Jun 06, 2024 10:03:15 AM io.kaoto.camelcatalog.CamelCatalogVersionLoader loadKamelets
INFO: Parsing: kamelets/kafka-not-secured-sink.kamelet.yaml
Jun 06, 2024 10:03:15 AM io.kaoto.camelcatalog.CamelCatalogVersionLoader loadKamelets
INFO: Parsing: kamelets/kafka-not-secured-source.kamelet.yaml
Jun 06, 2024 10:03:15 AM io.kaoto.camelcatalog.CamelCatalogVersionLoader loadKamelets
INFO: Parsing: kamelets/kafka-scram-sink.kamelet.yaml
Jun 06, 2024 10:03:15 AM io.kaoto.camelcatalog.CamelCatalogVersionLoader loadKamelets
INFO: Parsing: kamelets/kafka-scram-source.kamelet.yaml
Jun 06, 2024 10:03:15 AM io.kaoto.camelcatalog.CamelCatalogVersionLoader loadKamelets
INFO: Parsing: kamelets/kafka-sink.kamelet.yaml
Jun 06, 2024 10:03:15 AM io.kaoto.camelcatalog.CamelCatalogVersionLoader loadKamelets
INFO: Parsing: kamelets/kafka-source.kamelet.yaml
Jun 06, 2024 10:03:15 AM io.kaoto.camelcatalog.CamelCatalogVersionLoader loadKamelets
INFO: Parsing: kamelets/kafka-ssl-sink.kamelet.yaml
Jun 06, 2024 10:03:15 AM io.kaoto.camelcatalog.CamelCatalogVersionLoader loadKamelets
INFO: Parsing: kamelets/kafka-ssl-source.kamelet.yaml
Jun 06, 2024 10:03:15 AM io.kaoto.camelcatalog.CamelCatalogVersionLoader loadKamelets
INFO: Parsing: kamelets/kubernetes-namespaces-source.kamelet.yaml
Jun 06, 2024 10:03:15 AM io.kaoto.camelcatalog.CamelCatalogVersionLoader loadKamelets
INFO: Parsing: kamelets/kubernetes-nodes-source.kamelet.yaml
Jun 06, 2024 10:03:15 AM io.kaoto.camelcatalog.CamelCatalogVersionLoader loadKamelets
INFO: Parsing: kamelets/kubernetes-pods-source.kamelet.yaml
Jun 06, 2024 10:03:15 AM io.kaoto.camelcatalog.CamelCatalogVersionLoader loadKamelets
INFO: Parsing: kamelets/log-action.kamelet.yaml
Jun 06, 2024 10:03:15 AM io.kaoto.camelcatalog.CamelCatalogVersionLoader loadKamelets
INFO: Parsing: kamelets/log-sink.kamelet.yaml
Jun 06, 2024 10:03:15 AM io.kaoto.camelcatalog.CamelCatalogVersionLoader loadKamelets
INFO: Parsing: kamelets/mail-imap-source.kamelet.yaml
Jun 06, 2024 10:03:15 AM io.kaoto.camelcatalog.CamelCatalogVersionLoader loadKamelets
INFO: Parsing: kamelets/mail-sink.kamelet.yaml
Jun 06, 2024 10:03:15 AM io.kaoto.camelcatalog.CamelCatalogVersionLoader loadKamelets
INFO: Parsing: kamelets/mariadb-sink.kamelet.yaml
Jun 06, 2024 10:03:15 AM io.kaoto.camelcatalog.CamelCatalogVersionLoader loadKamelets
INFO: Parsing: kamelets/mariadb-source.kamelet.yaml
Jun 06, 2024 10:03:15 AM io.kaoto.camelcatalog.CamelCatalogVersionLoader loadKamelets
INFO: Parsing: kamelets/mask-field-action.kamelet.yaml
Jun 06, 2024 10:03:15 AM io.kaoto.camelcatalog.CamelCatalogVersionLoader loadKamelets
INFO: Parsing: kamelets/message-timestamp-router-action.kamelet.yaml
Jun 06, 2024 10:03:15 AM io.kaoto.camelcatalog.CamelCatalogVersionLoader loadKamelets
INFO: Parsing: kamelets/minio-sink.kamelet.yaml
Jun 06, 2024 10:03:15 AM io.kaoto.camelcatalog.CamelCatalogVersionLoader loadKamelets
INFO: Parsing: kamelets/minio-source.kamelet.yaml
Jun 06, 2024 10:03:15 AM io.kaoto.camelcatalog.CamelCatalogVersionLoader loadKamelets
INFO: Parsing: kamelets/mongodb-changes-stream-source.kamelet.yaml
Jun 06, 2024 10:03:15 AM io.kaoto.camelcatalog.CamelCatalogVersionLoader loadKamelets
INFO: Parsing: kamelets/mongodb-sink.kamelet.yaml
Jun 06, 2024 10:03:15 AM io.kaoto.camelcatalog.CamelCatalogVersionLoader loadKamelets
INFO: Parsing: kamelets/mongodb-source.kamelet.yaml
Jun 06, 2024 10:03:15 AM io.kaoto.camelcatalog.CamelCatalogVersionLoader loadKamelets
INFO: Parsing: kamelets/mqtt-sink.kamelet.yaml
Jun 06, 2024 10:03:15 AM io.kaoto.camelcatalog.CamelCatalogVersionLoader loadKamelets
INFO: Parsing: kamelets/mqtt-source.kamelet.yaml
Jun 06, 2024 10:03:15 AM io.kaoto.camelcatalog.CamelCatalogVersionLoader loadKamelets
INFO: Parsing: kamelets/mqtt5-sink.kamelet.yaml
Jun 06, 2024 10:03:15 AM io.kaoto.camelcatalog.CamelCatalogVersionLoader loadKamelets
INFO: Parsing: kamelets/mqtt5-source.kamelet.yaml
Jun 06, 2024 10:03:15 AM io.kaoto.camelcatalog.CamelCatalogVersionLoader loadKamelets
INFO: Parsing: kamelets/ms-exchange-online-imap-oauth-source.kamelet.yaml
Jun 06, 2024 10:03:15 AM io.kaoto.camelcatalog.CamelCatalogVersionLoader loadKamelets
INFO: Parsing: kamelets/mustache-template-action.kamelet.yaml
Jun 06, 2024 10:03:15 AM io.kaoto.camelcatalog.CamelCatalogVersionLoader loadKamelets
INFO: Parsing: kamelets/mvel-template-action.kamelet.yaml
Jun 06, 2024 10:03:15 AM io.kaoto.camelcatalog.CamelCatalogVersionLoader loadKamelets
INFO: Parsing: kamelets/mysql-sink.kamelet.yaml
Jun 06, 2024 10:03:15 AM io.kaoto.camelcatalog.CamelCatalogVersionLoader loadKamelets
INFO: Parsing: kamelets/mysql-source.kamelet.yaml
Jun 06, 2024 10:03:15 AM io.kaoto.camelcatalog.CamelCatalogVersionLoader loadKamelets
INFO: Parsing: kamelets/nats-sink.kamelet.yaml
Jun 06, 2024 10:03:15 AM io.kaoto.camelcatalog.CamelCatalogVersionLoader loadKamelets
INFO: Parsing: kamelets/nats-source.kamelet.yaml
Jun 06, 2024 10:03:15 AM io.kaoto.camelcatalog.CamelCatalogVersionLoader loadKamelets
INFO: Parsing: kamelets/nominatim-geocode-action.kamelet.yaml
Jun 06, 2024 10:03:15 AM io.kaoto.camelcatalog.CamelCatalogVersionLoader loadKamelets
INFO: Parsing: kamelets/ogcapi-features-action.kamelet.yaml
Jun 06, 2024 10:03:15 AM io.kaoto.camelcatalog.CamelCatalogVersionLoader loadKamelets
INFO: Parsing: kamelets/openai-classification-action.kamelet.yaml
Jun 06, 2024 10:03:15 AM io.kaoto.camelcatalog.CamelCatalogVersionLoader loadKamelets
INFO: Parsing: kamelets/openai-completion-action.kamelet.yaml
Jun 06, 2024 10:03:15 AM io.kaoto.camelcatalog.CamelCatalogVersionLoader loadKamelets
INFO: Parsing: kamelets/opensearch-index-sink.kamelet.yaml
Jun 06, 2024 10:03:15 AM io.kaoto.camelcatalog.CamelCatalogVersionLoader loadKamelets
INFO: Parsing: kamelets/opensearch-search-source.kamelet.yaml
Jun 06, 2024 10:03:15 AM io.kaoto.camelcatalog.CamelCatalogVersionLoader loadKamelets
INFO: Parsing: kamelets/oracle-database-sink.kamelet.yaml
Jun 06, 2024 10:03:15 AM io.kaoto.camelcatalog.CamelCatalogVersionLoader loadKamelets
INFO: Parsing: kamelets/oracle-database-source.kamelet.yaml
Jun 06, 2024 10:03:15 AM io.kaoto.camelcatalog.CamelCatalogVersionLoader loadKamelets
INFO: Parsing: kamelets/pdf-action.kamelet.yaml
Jun 06, 2024 10:03:15 AM io.kaoto.camelcatalog.CamelCatalogVersionLoader loadKamelets
INFO: Parsing: kamelets/postgresql-sink.kamelet.yaml
Jun 06, 2024 10:03:15 AM io.kaoto.camelcatalog.CamelCatalogVersionLoader loadKamelets
INFO: Parsing: kamelets/postgresql-source.kamelet.yaml
Jun 06, 2024 10:03:15 AM io.kaoto.camelcatalog.CamelCatalogVersionLoader loadKamelets
INFO: Parsing: kamelets/predicate-filter-action.kamelet.yaml
Jun 06, 2024 10:03:15 AM io.kaoto.camelcatalog.CamelCatalogVersionLoader loadKamelets
INFO: Parsing: kamelets/protobuf-deserialize-action.kamelet.yaml
Jun 06, 2024 10:03:15 AM io.kaoto.camelcatalog.CamelCatalogVersionLoader loadKamelets
INFO: Parsing: kamelets/protobuf-serialize-action.kamelet.yaml
Jun 06, 2024 10:03:15 AM io.kaoto.camelcatalog.CamelCatalogVersionLoader loadKamelets
INFO: Parsing: kamelets/pulsar-sink.kamelet.yaml
Jun 06, 2024 10:03:15 AM io.kaoto.camelcatalog.CamelCatalogVersionLoader loadKamelets
INFO: Parsing: kamelets/pulsar-source.kamelet.yaml
Jun 06, 2024 10:03:15 AM io.kaoto.camelcatalog.CamelCatalogVersionLoader loadKamelets
INFO: Parsing: kamelets/redis-sink.kamelet.yaml
Jun 06, 2024 10:03:15 AM io.kaoto.camelcatalog.CamelCatalogVersionLoader loadKamelets
INFO: Parsing: kamelets/redis-source.kamelet.yaml
Jun 06, 2024 10:03:15 AM io.kaoto.camelcatalog.CamelCatalogVersionLoader loadKamelets
INFO: Parsing: kamelets/regex-router-action.kamelet.yaml
Jun 06, 2024 10:03:15 AM io.kaoto.camelcatalog.CamelCatalogVersionLoader loadKamelets
INFO: Parsing: kamelets/replace-field-action.kamelet.yaml
Jun 06, 2024 10:03:15 AM io.kaoto.camelcatalog.CamelCatalogVersionLoader loadKamelets
INFO: Parsing: kamelets/resolve-pojo-schema-action.kamelet.yaml
Jun 06, 2024 10:03:15 AM io.kaoto.camelcatalog.CamelCatalogVersionLoader loadKamelets
INFO: Parsing: kamelets/rest-openapi-sink.kamelet.yaml
Jun 06, 2024 10:03:15 AM io.kaoto.camelcatalog.CamelCatalogVersionLoader loadKamelets
INFO: Parsing: kamelets/salesforce-composite-upsert-sink.kamelet.yaml
Jun 06, 2024 10:03:15 AM io.kaoto.camelcatalog.CamelCatalogVersionLoader loadKamelets
INFO: Parsing: kamelets/salesforce-create-sink.kamelet.yaml
Jun 06, 2024 10:03:15 AM io.kaoto.camelcatalog.CamelCatalogVersionLoader loadKamelets
INFO: Parsing: kamelets/salesforce-delete-sink.kamelet.yaml
Jun 06, 2024 10:03:15 AM io.kaoto.camelcatalog.CamelCatalogVersionLoader loadKamelets
INFO: Parsing: kamelets/salesforce-source.kamelet.yaml
Jun 06, 2024 10:03:15 AM io.kaoto.camelcatalog.CamelCatalogVersionLoader loadKamelets
INFO: Parsing: kamelets/salesforce-update-sink.kamelet.yaml
Jun 06, 2024 10:03:15 AM io.kaoto.camelcatalog.CamelCatalogVersionLoader loadKamelets
INFO: Parsing: kamelets/scp-sink.kamelet.yaml
Jun 06, 2024 10:03:15 AM io.kaoto.camelcatalog.CamelCatalogVersionLoader loadKamelets
INFO: Parsing: kamelets/set-body-action.kamelet.yaml
Jun 06, 2024 10:03:15 AM io.kaoto.camelcatalog.CamelCatalogVersionLoader loadKamelets
INFO: Parsing: kamelets/set-kafka-key-action.kamelet.yaml
Jun 06, 2024 10:03:15 AM io.kaoto.camelcatalog.CamelCatalogVersionLoader loadKamelets
INFO: Parsing: kamelets/sftp-sink.kamelet.yaml
Jun 06, 2024 10:03:15 AM io.kaoto.camelcatalog.CamelCatalogVersionLoader loadKamelets
INFO: Parsing: kamelets/sftp-source.kamelet.yaml
Jun 06, 2024 10:03:15 AM io.kaoto.camelcatalog.CamelCatalogVersionLoader loadKamelets
INFO: Parsing: kamelets/simple-filter-action.kamelet.yaml
Jun 06, 2024 10:03:15 AM io.kaoto.camelcatalog.CamelCatalogVersionLoader loadKamelets
INFO: Parsing: kamelets/slack-sink.kamelet.yaml
Jun 06, 2024 10:03:15 AM io.kaoto.camelcatalog.CamelCatalogVersionLoader loadKamelets
INFO: Parsing: kamelets/slack-source.kamelet.yaml
Jun 06, 2024 10:03:15 AM io.kaoto.camelcatalog.CamelCatalogVersionLoader loadKamelets
INFO: Parsing: kamelets/snowflake-sink.kamelet.yaml
Jun 06, 2024 10:03:15 AM io.kaoto.camelcatalog.CamelCatalogVersionLoader loadKamelets
INFO: Parsing: kamelets/snowflake-source.kamelet.yaml
Jun 06, 2024 10:03:15 AM io.kaoto.camelcatalog.CamelCatalogVersionLoader loadKamelets
INFO: Parsing: kamelets/splunk-hec-sink.kamelet.yaml
Jun 06, 2024 10:03:15 AM io.kaoto.camelcatalog.CamelCatalogVersionLoader loadKamelets
INFO: Parsing: kamelets/splunk-sink.kamelet.yaml
Jun 06, 2024 10:03:15 AM io.kaoto.camelcatalog.CamelCatalogVersionLoader loadKamelets
INFO: Parsing: kamelets/splunk-source.kamelet.yaml
Jun 06, 2024 10:03:15 AM io.kaoto.camelcatalog.CamelCatalogVersionLoader loadKamelets
INFO: Parsing: kamelets/spring-rabbitmq-sink.kamelet.yaml
Jun 06, 2024 10:03:15 AM io.kaoto.camelcatalog.CamelCatalogVersionLoader loadKamelets
INFO: Parsing: kamelets/spring-rabbitmq-source.kamelet.yaml
Jun 06, 2024 10:03:15 AM io.kaoto.camelcatalog.CamelCatalogVersionLoader loadKamelets
INFO: Parsing: kamelets/sqlserver-sink.kamelet.yaml
Jun 06, 2024 10:03:15 AM io.kaoto.camelcatalog.CamelCatalogVersionLoader loadKamelets
INFO: Parsing: kamelets/sqlserver-source.kamelet.yaml
Jun 06, 2024 10:03:15 AM io.kaoto.camelcatalog.CamelCatalogVersionLoader loadKamelets
INFO: Parsing: kamelets/ssh-sink.kamelet.yaml
Jun 06, 2024 10:03:15 AM io.kaoto.camelcatalog.CamelCatalogVersionLoader loadKamelets
INFO: Parsing: kamelets/ssh-source.kamelet.yaml
Jun 06, 2024 10:03:15 AM io.kaoto.camelcatalog.CamelCatalogVersionLoader loadKamelets
INFO: Parsing: kamelets/string-template-action.kamelet.yaml
Jun 06, 2024 10:03:15 AM io.kaoto.camelcatalog.CamelCatalogVersionLoader loadKamelets
INFO: Parsing: kamelets/telegram-sink.kamelet.yaml
Jun 06, 2024 10:03:15 AM io.kaoto.camelcatalog.CamelCatalogVersionLoader loadKamelets
INFO: Parsing: kamelets/telegram-source.kamelet.yaml
Jun 06, 2024 10:03:15 AM io.kaoto.camelcatalog.CamelCatalogVersionLoader loadKamelets
INFO: Parsing: kamelets/throttle-action.kamelet.yaml
Jun 06, 2024 10:03:15 AM io.kaoto.camelcatalog.CamelCatalogVersionLoader loadKamelets
INFO: Parsing: kamelets/timer-source.kamelet.yaml
Jun 06, 2024 10:03:15 AM io.kaoto.camelcatalog.CamelCatalogVersionLoader loadKamelets
INFO: Parsing: kamelets/timestamp-router-action.kamelet.yaml
Jun 06, 2024 10:03:15 AM io.kaoto.camelcatalog.CamelCatalogVersionLoader loadKamelets
INFO: Parsing: kamelets/topic-name-matches-filter-action.kamelet.yaml
Jun 06, 2024 10:03:15 AM io.kaoto.camelcatalog.CamelCatalogVersionLoader loadKamelets
INFO: Parsing: kamelets/twitter-directmessage-source.kamelet.yaml
Jun 06, 2024 10:03:15 AM io.kaoto.camelcatalog.CamelCatalogVersionLoader loadKamelets
INFO: Parsing: kamelets/twitter-search-source.kamelet.yaml
Jun 06, 2024 10:03:15 AM io.kaoto.camelcatalog.CamelCatalogVersionLoader loadKamelets
INFO: Parsing: kamelets/twitter-timeline-source.kamelet.yaml
Jun 06, 2024 10:03:15 AM io.kaoto.camelcatalog.CamelCatalogVersionLoader loadKamelets
INFO: Parsing: kamelets/value-to-key-action.kamelet.yaml
Jun 06, 2024 10:03:15 AM io.kaoto.camelcatalog.CamelCatalogVersionLoader loadKamelets
INFO: Parsing: kamelets/velocity-template-action.kamelet.yaml
Jun 06, 2024 10:03:15 AM io.kaoto.camelcatalog.CamelCatalogVersionLoader loadKamelets
INFO: Parsing: kamelets/webhook-source.kamelet.yaml
Jun 06, 2024 10:03:15 AM io.kaoto.camelcatalog.CamelCatalogVersionLoader loadKamelets
INFO: Parsing: kamelets/wttrin-source.kamelet.yaml
Jun 06, 2024 10:03:15 AM io.kaoto.camelcatalog.CamelCatalogVersionLoader loadKamelets
INFO: Parsing: kamelets/xj-identity-action.kamelet.yaml
Jun 06, 2024 10:03:15 AM io.kaoto.camelcatalog.CamelCatalogVersionLoader loadKamelets
INFO: Parsing: kamelets/xj-template-action.kamelet.yaml
Jun 06, 2024 10:03:16 AM io.kaoto.camelcatalog.CamelCatalogVersionLoader lambda$loadLocalSchemas$4
INFO: Parsing: /home/rmartinez/repos/kaoto/packages/catalog-generator/target/classes/schemas/KameletConfiguration.json
Jun 06, 2024 10:03:16 AM io.kaoto.camelcatalog.CamelCatalogVersionLoader lambda$loadLocalSchemas$4
INFO: Parsing: /home/rmartinez/repos/kaoto/packages/catalog-generator/target/classes/schemas/PipeConfiguration.json
Jun 06, 2024 10:03:16 AM io.kaoto.camelcatalog.CamelCatalogVersionLoader lambda$loadLocalSchemas$4
INFO: Parsing: /home/rmartinez/repos/kaoto/packages/catalog-generator/target/classes/schemas/PipeErrorHandler.json
]]></system-err>
  </testcase>
</testsuite>